Arguments: 
  C:\Program Files\nodejs\node.exe C:\Users\rvrus\.npm_global\node_modules\yarn\bin\yarn.js add @types/fs

PATH: 
  C:\Users\rvrus\.npm-global\bin;C:\Users\rvrus\AppData\Roaming\npm;C:\users\rvrus\AppData\Local\Programs\Microsoft VS Code;C:\Program Files\Git\mingw64\bin;C:\Program Files\Git\usr\bin;C:\Users\rvrus\bin;C:\Users\rvrus\.sdkman\candidates\maven\current\bin;C:\Users\rvrus\.sdkman\candidates\kotlin\current\bin;C:\Users\rvrus\.sdkman\candidates\gradle\current\bin;C:\Users\rvrus\.npm-global\bin;C:\Users\rvrus\AppData\Roaming\npm;C:\users\rvrus\AppData\Local\Programs\Microsoft VS Code;C:\Users\rvrus\bin;C:\Program Files\Git\mingw64\bin;C:\Program Files\Git\usr\local\bin;C:\Program Files\Git\usr\bin;C:\Program Files\Git\usr\bin;C:\Program Files\Git\mingw64\bin;C:\Program Files\Git\usr\bin;C:\Users\rvrus\bin;C:\Python39\Scripts;C:\Python39;C:\Program Files\Common Files\Oracle\Java\javapath;C:\windows\system32;C:\windows;C:\windows\System32\Wbem;C:\windows\System32\WindowsPowerShell\v1.0;C:\windows\System32\OpenSSH;C:\ProgramData\chocolatey\bin;C:\Program Files\Microsoft SQL Server\130\Tools\Binn;C:\Program Files\Microsoft SQL Server\Client SDK\ODBC\170\Tools\Binn;C:\Program Files (x86)\HP\Common\HPDestPlgIn;C:\Program Files\PostgreSQL\13\bin;C:\Program Files\dotnet;C:\Program Files (x86)\IncrediBuild;C:\Program Files\Git\cmd;C:\Program Files\nodejs;C:\Program Files\Docker\Docker\resources\bin;C:\ProgramData\DockerDesktop\version-bin;C:\Users\rvrus\AppData\Local\Programs\Python\Python39\Scripts;C:\Users\rvrus\AppData\Local\Programs\Python\Python39;C:\Users\rvrus\.npm_global;C:\Users\rvrus\AppData\Local\Microsoft\WindowsApps;C:\Users\rvrus\AppData\Local\Programs\Microsoft VS Code Insiders\bin;C:\Users\rvrus\AppData\Local\Programs\Microsoft VS Code\bin;C:\Users\rvrus\.dotnet\tools;C:\Users\rvrus\AppData\Local\atom\bin;C:\Users\rvrus\AppData\Local\Android\Sdk\platform-tools;C:\Users\rvrus\AppData\Roaming\npm;C:\Python39;C:\Python39\Scripts;C:\ProgramFiles\google-cloud-sdk\bin;C:\Program Files\Git\usr\bin\site_perl;C:\Program Files\Git\usr\bin\vendor_perl;C:\Program Files\Git\usr\bin\core_perl

Yarn version: 
  1.22.10

Node version: 
  14.16.0

Platform: 
  win32 x64

Trace: 
  Error: https://registry.yarnpkg.com/@types%2ffs: Not found
      at Request.params.callback [as _callback] (C:\Users\rvrus\.npm_global\node_modules\yarn\lib\cli.js:66988:18)
      at Request.self.callback (C:\Users\rvrus\.npm_global\node_modules\yarn\lib\cli.js:140662:22)
      at Request.emit (events.js:315:20)
      at Request.<anonymous> (C:\Users\rvrus\.npm_global\node_modules\yarn\lib\cli.js:141634:10)
      at Request.emit (events.js:315:20)
      at IncomingMessage.<anonymous> (C:\Users\rvrus\.npm_global\node_modules\yarn\lib\cli.js:141556:12)
      at Object.onceWrapper (events.js:421:28)
      at IncomingMessage.emit (events.js:327:22)
      at endReadableNT (internal/streams/readable.js:1327:12)
      at processTicksAndRejections (internal/process/task_queues.js:80:21)

npm manifest: 
  {
    "name": "stats",
    "version": "1.0.0",
    "description": "",
    "main": "index.js",
    "scripts": {
      "start:build": "tsc -w",
      "start:run": "nodemon build",
      "start": "concurrently yarn:start:*"
    },
    "keywords": [],
    "author": "",
    "license": "ISC"
  }

yarn manifest: 
  No manifest

Lockfile: 
  No lockfile
